TN:
SF:C:\Users\danie\git\haw\adamo\adamo-frontend-application\src\polyfills.ts
FNF:0
FNH:0
DA:1,1
DA:2,1
DA:3,1
DA:4,1
DA:7,1
DA:11,1
DA:12,1
DA:22,1
DA:23,1
LF:9
LH:9
BRDA:7,0,0,0
BRDA:7,0,1,1
BRDA:23,1,0,1
BRDA:23,1,1,1
BRF:4
BRH:3
end_of_record
TN:
SF:C:\Users\danie\git\haw\adamo\adamo-frontend-application\src\test.ts
FN:20,(anonymous_0)
FNF:1
FNH:1
FNDA:1,(anonymous_0)
DA:3,1
DA:4,1
DA:5,1
DA:6,1
DA:7,1
DA:8,1
DA:9,1
DA:10,1
DA:20,1
DA:23,1
DA:28,1
DA:30,1
DA:32,1
LF:13
LH:13
BRF:0
BRH:0
end_of_record
TN:
SF:C:\Users\danie\git\haw\adamo\adamo-frontend-application\src\app\app.component.ts
FN:9,(anonymous_2)
FN:10,AppComponent
FNF:2
FNH:1
FNDA:1,(anonymous_2)
FNDA:0,AppComponent
DA:1,1
DA:3,1
DA:9,1
DA:10,0
DA:12,1
LF:5
LH:4
BRF:0
BRH:0
end_of_record
TN:
SF:C:\Users\danie\git\haw\adamo\adamo-frontend-application\src\app\ModelerComponent\evaluator\modelElement.ts
FN:2,(anonymous_0)
FN:3,ModelElement
FNF:2
FNH:1
FNDA:1,(anonymous_0)
FNDA:0,ModelElement
DA:2,1
DA:3,0
DA:5,1
LF:3
LH:2
BRF:0
BRH:0
end_of_record
TN:
SF:C:\Users\danie\git\haw\adamo\adamo-frontend-application\src\app\components\TutorialComponent\components\introduction\introduction.component.ts
FN:18,(anonymous_2)
FN:42,(anonymous_4)
FN:46,(anonymous_5)
FN:52,(anonymous_6)
FN:58,(anonymous_7)
FN:62,(anonymous_8)
FN:67,(anonymous_9)
FN:73,(anonymous_10)
FN:76,(anonymous_11)
FN:88,(anonymous_12)
FN:92,(anonymous_13)
FNF:11
FNH:1
FNDA:1,(anonymous_2)
FNDA:0,(anonymous_4)
FNDA:0,(anonymous_5)
FNDA:0,(anonymous_6)
FNDA:0,(anonymous_7)
FNDA:0,(anonymous_8)
FNDA:0,(anonymous_9)
FNDA:0,(anonymous_10)
FNDA:0,(anonymous_11)
FNDA:0,(anonymous_12)
FNDA:0,(anonymous_13)
DA:1,1
DA:2,1
DA:3,1
DA:4,1
DA:9,1
DA:18,1
DA:23,0
DA:30,0
DA:31,0
DA:32,0
DA:33,0
DA:34,0
DA:37,0
DA:38,0
DA:42,1
DA:44,0
DA:46,0
DA:47,0
DA:48,0
DA:50,0
DA:51,0
DA:52,0
DA:53,0
DA:58,1
DA:62,1
DA:63,0
DA:64,0
DA:65,0
DA:66,0
DA:67,0
DA:68,0
DA:73,1
DA:74,0
DA:75,0
DA:76,0
DA:77,0
DA:78,0
DA:79,0
DA:80,0
DA:82,0
DA:83,0
DA:88,1
DA:89,0
DA:92,1
DA:93,0
DA:94,0
DA:95,0
DA:98,1
LF:48
LH:13
BRDA:64,0,0,0
BRDA:64,0,1,0
BRDA:77,1,0,0
BRDA:77,1,1,0
BRF:4
BRH:0
end_of_record
TN:
SF:C:\Users\danie\git\haw\adamo\adamo-frontend-application\src\app\components\TutorialComponent\components\test-mc\test-mc.component.ts
FN:17,(anonymous_14)
FN:26,TestMCComponent
FN:37,(anonymous_16)
FN:44,(anonymous_17)
FN:52,(anonymous_18)
FN:61,(anonymous_19)
FN:65,(anonymous_20)
FN:71,(anonymous_21)
FN:77,(anonymous_22)
FN:82,(anonymous_23)
FN:89,(anonymous_24)
FN:107,(anonymous_27)
FN:108,(anonymous_28)
FN:124,(anonymous_29)
FN:128,(anonymous_30)
FN:155,(anonymous_33)
FNF:16
FNH:1
FNDA:1,(anonymous_14)
FNDA:0,TestMCComponent
FNDA:0,(anonymous_16)
FNDA:0,(anonymous_17)
FNDA:0,(anonymous_18)
FNDA:0,(anonymous_19)
FNDA:0,(anonymous_20)
FNDA:0,(anonymous_21)
FNDA:0,(anonymous_22)
FNDA:0,(anonymous_23)
FNDA:0,(anonymous_24)
FNDA:0,(anonymous_27)
FNDA:0,(anonymous_28)
FNDA:0,(anonymous_29)
FNDA:0,(anonymous_30)
FNDA:0,(anonymous_33)
DA:1,1
DA:2,1
DA:3,1
DA:4,1
DA:5,1
DA:6,1
DA:9,1
DA:17,1
DA:26,0
DA:27,0
DA:28,0
DA:29,0
DA:31,0
DA:32,0
DA:33,0
DA:34,0
DA:37,1
DA:38,0
DA:39,0
DA:41,0
DA:44,0
DA:48,0
DA:52,1
DA:53,0
DA:54,0
DA:57,0
DA:58,0
DA:59,0
DA:61,0
DA:62,0
DA:64,0
DA:65,0
DA:66,0
DA:67,0
DA:71,1
DA:72,0
DA:73,0
DA:77,1
DA:78,0
DA:79,0
DA:82,0
DA:83,0
DA:84,0
DA:89,1
DA:91,0
DA:92,0
DA:93,0
DA:94,0
DA:95,0
DA:96,0
DA:97,0
DA:98,0
DA:100,0
DA:105,0
DA:107,0
DA:108,0
DA:109,0
DA:110,0
DA:111,0
DA:112,0
DA:115,0
DA:116,0
DA:117,0
DA:124,1
DA:125,0
DA:128,1
DA:129,0
DA:130,0
DA:136,0
DA:137,0
DA:138,0
DA:139,0
DA:142,0
DA:145,0
DA:147,0
DA:148,0
DA:149,0
DA:150,0
DA:151,0
DA:155,1
DA:156,0
DA:159,1
LF:82
LH:17
BRDA:53,0,0,0
BRDA:53,0,1,0
BRDA:79,1,0,0
BRDA:79,1,1,0
BRDA:96,2,0,0
BRDA:96,2,1,0
BRDA:97,3,0,0
BRDA:97,3,1,0
BRDA:109,4,0,0
BRDA:109,4,1,0
BRDA:110,5,0,0
BRDA:110,5,1,0
BRDA:115,6,0,0
BRDA:115,6,1,0
BRDA:147,7,0,0
BRDA:147,7,1,0
BRF:16
BRH:0
end_of_record
TN:
SF:C:\Users\danie\git\haw\adamo\adamo-frontend-application\src\app\components\TutorialComponent\components\test-mod\test-mod.component.ts
FN:17,(anonymous_14)
FN:18,Task
FN:32,(anonymous_16)
FN:45,TestModComponent
FN:57,(anonymous_18)
FN:64,(anonymous_19)
FN:85,(anonymous_20)
FN:89,(anonymous_21)
FN:103,(anonymous_22)
FN:108,(anonymous_23)
FN:114,(anonymous_24)
FN:119,(anonymous_25)
FN:128,(anonymous_28)
FN:128,(anonymous_29)
FN:142,(anonymous_31)
FNF:15
FNH:2
FNDA:1,(anonymous_14)
FNDA:0,Task
FNDA:1,(anonymous_16)
FNDA:0,TestModComponent
FNDA:0,(anonymous_18)
FNDA:0,(anonymous_19)
FNDA:0,(anonymous_20)
FNDA:0,(anonymous_21)
FNDA:0,(anonymous_22)
FNDA:0,(anonymous_23)
FNDA:0,(anonymous_24)
FNDA:0,(anonymous_25)
FNDA:0,(anonymous_28)
FNDA:0,(anonymous_29)
FNDA:0,(anonymous_31)
DA:1,1
DA:2,1
DA:4,1
DA:5,1
DA:6,1
DA:9,1
DA:10,1
DA:11,1
DA:12,1
DA:13,1
DA:14,1
DA:15,1
DA:17,1
DA:19,0
DA:20,0
DA:24,1
DA:32,1
DA:45,0
DA:46,0
DA:47,0
DA:48,0
DA:49,0
DA:50,0
DA:51,0
DA:52,0
DA:53,0
DA:57,1
DA:58,0
DA:60,0
DA:61,0
DA:64,0
DA:65,0
DA:69,0
DA:80,0
DA:81,0
DA:82,0
DA:84,0
DA:85,0
DA:89,1
DA:90,0
DA:91,0
DA:93,0
DA:94,0
DA:95,0
DA:96,0
DA:98,0
DA:99,0
DA:100,0
DA:103,0
DA:104,0
DA:105,0
DA:107,0
DA:108,0
DA:109,0
DA:110,0
DA:114,1
DA:115,0
DA:119,1
DA:122,0
DA:123,0
DA:124,0
DA:128,0
DA:129,0
DA:130,0
DA:131,0
DA:133,0
DA:135,0
DA:136,0
DA:139,0
DA:142,1
DA:143,0
DA:146,1
LF:72
LH:21
BRDA:90,0,0,0
BRDA:90,0,1,0
BRDA:93,1,0,0
BRDA:93,1,1,0
BRF:4
BRH:0
end_of_record
TN:
SF:C:\Users\danie\git\haw\adamo\adamo-frontend-application\src\app\components\TutorialComponent\models\language.enum.ts
FN:3,(anonymous_0)
FN:8,(anonymous_1)
FN:10,values
FN:12,(anonymous_3)
FNF:4
FNH:2
FNDA:1,(anonymous_0)
FNDA:1,(anonymous_1)
FNDA:0,values
FNDA:0,(anonymous_3)
DA:3,1
DA:4,1
DA:5,1
DA:8,1
DA:10,1
DA:11,0
DA:12,0
LF:7
LH:5
BRDA:3,0,0,1
BRDA:3,0,1,1
BRDA:12,1,0,0
BRDA:12,1,1,0
BRDA:8,2,0,1
BRDA:8,2,1,0
BRF:6
BRH:3
end_of_record
TN:
SF:C:\Users\danie\git\haw\adamo\adamo-frontend-application\src\app\components\TutorialComponent\models\multiplechoice.module.ts
FN:6,(anonymous_0)
FN:11,MultipleChoiceQuest
FN:15,(anonymous_2)
FNF:3
FNH:1
FNDA:1,(anonymous_0)
FNDA:0,MultipleChoiceQuest
FNDA:0,(anonymous_2)
DA:6,1
DA:12,0
DA:15,1
DA:16,0
DA:17,0
DA:19,1
LF:6
LH:3
BRF:0
BRH:0
end_of_record
TN:
SF:C:\Users\danie\git\haw\adamo\adamo-frontend-application\src\app\components\TutorialComponent\services\language.service.ts
FN:6,(anonymous_1)
FN:5,LanguageService
FN:12,(anonymous_3)
FNF:3
FNH:1
FNDA:1,(anonymous_1)
FNDA:0,LanguageService
FNDA:0,(anonymous_3)
DA:1,1
DA:2,1
DA:3,1
DA:6,1
DA:8,0
DA:10,0
DA:12,1
DA:14,0
DA:16,1
LF:9
LH:6
BRF:0
BRH:0
end_of_record
TN:
SF:C:\Users\danie\git\haw\adamo\adamo-frontend-application\src\app\components\TutorialComponent\services\level.service.ts
FN:14,(anonymous_2)
FN:18,LevelService
FN:24,(anonymous_4)
FN:28,(anonymous_5)
FN:33,(anonymous_6)
FN:38,(anonymous_7)
FN:43,(anonymous_8)
FN:60,(anonymous_9)
FN:68,(anonymous_10)
FN:86,(anonymous_11)
FNF:10
FNH:1
FNDA:1,(anonymous_2)
FNDA:0,LevelService
FNDA:0,(anonymous_4)
FNDA:0,(anonymous_5)
FNDA:0,(anonymous_6)
FNDA:0,(anonymous_7)
FNDA:0,(anonymous_8)
FNDA:0,(anonymous_9)
FNDA:0,(anonymous_10)
FNDA:0,(anonymous_11)
DA:1,1
DA:2,1
DA:4,1
DA:5,1
DA:9,1
DA:14,1
DA:15,0
DA:18,0
DA:20,0
DA:24,1
DA:25,0
DA:28,1
DA:29,0
DA:30,0
DA:33,1
DA:34,0
DA:35,0
DA:38,1
DA:39,0
DA:40,0
DA:43,1
DA:44,0
DA:45,0
DA:46,0
DA:47,0
DA:48,0
DA:68,1
DA:69,0
DA:70,0
DA:72,0
DA:86,1
DA:87,0
DA:88,0
DA:89,0
DA:91,0
DA:106,1
LF:36
LH:14
BRF:0
BRH:0
end_of_record
TN:
SF:C:\Users\danie\git\haw\adamo\adamo-frontend-application\src\app\services\api.service.ts
FN:12,(anonymous_14)
FN:13,ApiService
FN:19,(anonymous_16)
FN:36,(anonymous_17)
FN:44,(anonymous_18)
FN:52,(anonymous_19)
FN:58,(anonymous_20)
FN:68,(anonymous_21)
FN:90,(anonymous_22)
FN:103,(anonymous_23)
FN:125,(anonymous_24)
FN:131,(anonymous_25)
FN:141,(anonymous_26)
FN:163,(anonymous_27)
FN:175,(anonymous_28)
FN:185,(anonymous_29)
FN:207,(anonymous_30)
FN:227,(anonymous_31)
FN:233,(anonymous_32)
FN:247,(anonymous_33)
FN:268,(anonymous_36)
FN:273,(anonymous_37)
FN:279,(anonymous_38)
FN:289,(anonymous_39)
FN:309,(anonymous_40)
FN:329,(anonymous_41)
FN:343,(anonymous_42)
FN:357,(anonymous_43)
FN:366,(anonymous_44)
FN:380,(anonymous_45)
FN:390,(anonymous_46)
FN:400,(anonymous_47)
FN:410,(anonymous_48)
FN:420,(anonymous_49)
FN:430,(anonymous_50)
FN:438,(anonymous_51)
FNF:36
FNH:3
FNDA:1,(anonymous_14)
FNDA:1,ApiService
FNDA:0,(anonymous_16)
FNDA:0,(anonymous_17)
FNDA:0,(anonymous_18)
FNDA:0,(anonymous_19)
FNDA:0,(anonymous_20)
FNDA:0,(anonymous_21)
FNDA:0,(anonymous_22)
FNDA:0,(anonymous_23)
FNDA:0,(anonymous_24)
FNDA:0,(anonymous_25)
FNDA:0,(anonymous_26)
FNDA:1,(anonymous_27)
FNDA:0,(anonymous_28)
FNDA:0,(anonymous_29)
FNDA:0,(anonymous_30)
FNDA:0,(anonymous_31)
FNDA:0,(anonymous_32)
FNDA:0,(anonymous_33)
FNDA:0,(anonymous_36)
FNDA:0,(anonymous_37)
FNDA:0,(anonymous_38)
FNDA:0,(anonymous_39)
FNDA:0,(anonymous_40)
FNDA:0,(anonymous_41)
FNDA:0,(anonymous_42)
FNDA:0,(anonymous_43)
FNDA:0,(anonymous_44)
FNDA:0,(anonymous_45)
FNDA:0,(anonymous_46)
FNDA:0,(anonymous_47)
FNDA:0,(anonymous_48)
FNDA:0,(anonymous_49)
FNDA:0,(anonymous_50)
FNDA:0,(anonymous_51)
DA:1,1
DA:2,1
DA:4,1
DA:6,1
DA:7,1
DA:12,1
DA:13,1
DA:14,1
DA:16,1
DA:19,1
DA:20,0
DA:36,1
DA:37,0
DA:44,1
DA:45,0
DA:52,1
DA:53,0
DA:58,1
DA:59,0
DA:68,1
DA:75,0
DA:90,1
DA:91,0
DA:103,1
DA:110,0
DA:125,1
DA:126,0
DA:131,1
DA:132,0
DA:141,1
DA:148,0
DA:163,1
DA:165,1
DA:175,1
DA:176,0
DA:185,1
DA:192,0
DA:207,1
DA:213,0
DA:227,1
DA:228,0
DA:233,1
DA:234,0
DA:247,1
DA:249,0
DA:252,0
DA:256,0
DA:262,0
DA:268,1
DA:269,0
DA:273,1
DA:274,0
DA:279,1
DA:280,0
DA:289,1
DA:295,0
DA:309,1
DA:316,0
DA:329,1
DA:330,0
DA:343,1
DA:344,0
DA:357,1
DA:358,0
DA:366,1
DA:367,0
DA:380,1
DA:381,0
DA:390,1
DA:391,0
DA:400,1
DA:401,0
DA:410,1
DA:411,0
DA:420,1
DA:421,0
DA:430,1
DA:431,0
DA:433,0
DA:438,0
DA:439,0
DA:440,0
DA:443,0
DA:470,1
LF:84
LH:44
BRDA:439,0,0,0
BRDA:439,0,1,0
BRF:2
BRH:0
end_of_record
TN:
SF:C:\Users\danie\git\haw\adamo\adamo-frontend-application\src\app\services\auth.service.ts
FN:26,(anonymous_2)
FN:37,AuthService
FN:49,(anonymous_4)
FN:54,(anonymous_5)
FN:59,(anonymous_6)
FN:68,(anonymous_7)
FN:115,(anonymous_8)
FN:138,(anonymous_9)
FN:144,(anonymous_10)
FN:154,(anonymous_11)
FN:176,(anonymous_12)
FN:189,(anonymous_13)
FN:211,(anonymous_14)
FN:217,(anonymous_15)
FN:227,(anonymous_16)
FN:249,(anonymous_17)
FN:269,(anonymous_18)
FN:275,(anonymous_19)
FN:285,(anonymous_20)
FN:307,(anonymous_21)
FN:327,(anonymous_22)
FN:337,(anonymous_23)
FN:347,(anonymous_24)
FN:357,(anonymous_25)
FN:367,(anonymous_26)
FN:377,(anonymous_27)
FN:385,(anonymous_28)
FNF:27
FNH:1
FNDA:1,(anonymous_2)
FNDA:0,AuthService
FNDA:0,(anonymous_4)
FNDA:0,(anonymous_5)
FNDA:0,(anonymous_6)
FNDA:0,(anonymous_7)
FNDA:0,(anonymous_8)
FNDA:0,(anonymous_9)
FNDA:0,(anonymous_10)
FNDA:0,(anonymous_11)
FNDA:0,(anonymous_12)
FNDA:0,(anonymous_13)
FNDA:0,(anonymous_14)
FNDA:0,(anonymous_15)
FNDA:0,(anonymous_16)
FNDA:0,(anonymous_17)
FNDA:0,(anonymous_18)
FNDA:0,(anonymous_19)
FNDA:0,(anonymous_20)
FNDA:0,(anonymous_21)
FNDA:0,(anonymous_22)
FNDA:0,(anonymous_23)
FNDA:0,(anonymous_24)
FNDA:0,(anonymous_25)
FNDA:0,(anonymous_26)
FNDA:0,(anonymous_27)
FNDA:0,(anonymous_28)
DA:1,1
DA:2,1
DA:5,1
DA:6,1
DA:9,1
DA:14,1
DA:26,1
DA:29,0
DA:31,0
DA:35,0
DA:37,0
DA:38,0
DA:39,0
DA:42,0
DA:49,1
DA:50,0
DA:51,0
DA:54,1
DA:55,0
DA:56,0
DA:59,1
DA:60,0
DA:61,0
DA:69,0
DA:70,0
DA:71,0
DA:115,1
DA:116,0
DA:117,0
DA:118,0
DA:119,0
DA:138,1
DA:139,0
DA:144,1
DA:145,0
DA:154,1
DA:161,0
DA:176,1
DA:177,0
DA:189,1
DA:196,0
DA:211,1
DA:212,0
DA:217,1
DA:218,0
DA:227,1
DA:234,0
DA:249,1
DA:255,0
DA:269,1
DA:270,0
DA:275,1
DA:276,0
DA:285,1
DA:292,0
DA:307,1
DA:313,0
DA:327,1
DA:328,0
DA:337,1
DA:338,0
DA:347,1
DA:348,0
DA:357,1
DA:358,0
DA:367,1
DA:368,0
DA:377,1
DA:378,0
DA:380,0
DA:385,0
DA:386,0
DA:387,0
DA:390,0
DA:417,1
LF:75
LH:31
BRDA:386,0,0,0
BRDA:386,0,1,0
BRF:2
BRH:0
end_of_record
TN:
SF:C:\Users\danie\git\haw\adamo\adamo-frontend-application\src\assets\packedLintrc.js
FN:8,(anonymous_0)
FN:9,check
FN:14,(anonymous_2)
FN:27,isConditionalForking
FN:32,hasCondition
FN:35,isDefaultFlow
FN:46,is
FN:62,isAny
FN:63,(anonymous_8)
FN:76,(anonymous_9)
FN:77,hasEndEvent
FN:79,(anonymous_11)
FN:81,check
FN:100,(anonymous_13)
FN:101,check
FN:106,(anonymous_15)
FN:128,(anonymous_16)
FN:129,check
FN:149,(anonymous_18)
FN:150,check
FN:189,isForking
FN:193,hasCondition$1
FN:204,disallowNodeType
FN:205,(anonymous_23)
FN:206,check
FN:228,(anonymous_25)
FN:229,check
FN:254,(anonymous_27)
FN:258,check
FN:286,flowKey
FN:298,(anonymous_30)
FN:299,check
FN:321,(anonymous_32)
FN:322,check
FN:330,(anonymous_34)
FN:342,hasCondition$2
FN:345,isDefaultFlow$1
FN:355,(anonymous_37)
FN:356,check
FN:361,(anonymous_39)
FN:381,(anonymous_40)
FN:382,check
FN:399,(anonymous_42)
FN:400,hasStartEvent
FN:402,(anonymous_44)
FN:404,check
FN:423,(anonymous_46)
FN:424,check
FN:429,(anonymous_48)
FN:450,Resolver
FN:451,(anonymous_50)
FN:458,(anonymous_51)
FNF:52
FNH:2
FNDA:0,(anonymous_0)
FNDA:0,check
FNDA:0,(anonymous_2)
FNDA:0,isConditionalForking
FNDA:0,hasCondition
FNDA:0,isDefaultFlow
FNDA:0,is
FNDA:0,isAny
FNDA:0,(anonymous_8)
FNDA:0,(anonymous_9)
FNDA:0,hasEndEvent
FNDA:0,(anonymous_11)
FNDA:0,check
FNDA:0,(anonymous_13)
FNDA:0,check
FNDA:0,(anonymous_15)
FNDA:0,(anonymous_16)
FNDA:0,check
FNDA:0,(anonymous_18)
FNDA:0,check
FNDA:0,isForking
FNDA:0,hasCondition$1
FNDA:2,disallowNodeType
FNDA:0,(anonymous_23)
FNDA:0,check
FNDA:0,(anonymous_25)
FNDA:0,check
FNDA:0,(anonymous_27)
FNDA:0,check
FNDA:0,flowKey
FNDA:0,(anonymous_30)
FNDA:0,check
FNDA:0,(anonymous_32)
FNDA:0,check
FNDA:0,(anonymous_34)
FNDA:0,hasCondition$2
FNDA:0,isDefaultFlow$1
FNDA:0,(anonymous_37)
FNDA:0,check
FNDA:0,(anonymous_39)
FNDA:0,(anonymous_40)
FNDA:0,check
FNDA:0,(anonymous_42)
FNDA:0,hasStartEvent
FNDA:0,(anonymous_44)
FNDA:0,check
FNDA:0,(anonymous_46)
FNDA:0,check
FNDA:0,(anonymous_48)
FNDA:1,Resolver
FNDA:0,(anonymous_50)
FNDA:0,(anonymous_51)
DA:2,1
DA:8,1
DA:10,0
DA:11,0
DA:13,0
DA:14,0
DA:15,0
DA:17,0
DA:18,0
DA:22,0
DA:28,0
DA:29,0
DA:30,0
DA:33,0
DA:36,0
DA:47,0
DA:48,0
DA:50,0
DA:63,0
DA:64,0
DA:67,1
DA:72,1
DA:76,1
DA:78,0
DA:79,0
DA:82,0
DA:86,0
DA:88,0
DA:89,0
DA:90,0
DA:93,0
DA:95,1
DA:100,1
DA:102,0
DA:103,0
DA:105,0
DA:106,0
DA:107,0
DA:108,0
DA:110,0
DA:111,0
DA:112,0
DA:116,0
DA:120,1
DA:128,1
DA:130,0
DA:134,0
DA:136,0
DA:137,0
DA:138,0
DA:141,0
DA:145,1
DA:149,1
DA:151,0
DA:155,0
DA:158,0
DA:159,0
DA:161,0
DA:162,0
DA:165,0
DA:167,0
DA:170,0
DA:171,0
DA:174,0
DA:180,0
DA:181,0
DA:182,0
DA:186,0
DA:190,0
DA:191,0
DA:194,0
DA:196,1
DA:205,2
DA:207,0
DA:208,0
DA:211,0
DA:216,1
DA:217,1
DA:220,1
DA:221,1
DA:222,1
DA:228,1
DA:230,0
DA:236,0
DA:238,0
DA:239,0
DA:240,0
DA:241,0
DA:244,0
DA:248,1
DA:254,1
DA:255,0
DA:256,0
DA:257,0
DA:259,0
DA:260,0
DA:262,0
DA:263,0
DA:264,0
DA:265,0
DA:266,0
DA:267,0
DA:268,0
DA:269,0
DA:270,0
DA:272,0
DA:273,0
DA:274,0
DA:278,0
DA:281,0
DA:287,0
DA:288,0
DA:289,0
DA:290,0
DA:291,0
DA:293,1
DA:298,1
DA:300,0
DA:301,0
DA:303,0
DA:304,0
DA:305,0
DA:306,0
DA:309,0
DA:313,1
DA:321,1
DA:323,0
DA:327,0
DA:329,0
DA:330,0
DA:331,0
DA:333,0
DA:334,0
DA:337,0
DA:343,0
DA:346,0
DA:348,1
DA:349,1
DA:350,1
DA:355,1
DA:357,0
DA:358,0
DA:360,0
DA:361,0
DA:362,0
DA:363,0
DA:365,0
DA:366,0
DA:368,0
DA:369,0
DA:370,0
DA:373,0
DA:377,1
DA:381,1
DA:383,0
DA:384,0
DA:386,0
DA:387,0
DA:388,0
DA:391,0
DA:395,1
DA:399,1
DA:401,0
DA:402,0
DA:405,0
DA:409,0
DA:411,0
DA:412,0
DA:413,0
DA:416,0
DA:418,1
DA:423,1
DA:425,0
DA:426,0
DA:428,0
DA:429,0
DA:430,0
DA:431,0
DA:433,0
DA:434,0
DA:435,0
DA:439,0
DA:443,1
DA:451,1
DA:452,0
DA:453,0
DA:454,0
DA:456,0
DA:458,1
DA:459,0
DA:461,1
DA:462,1
DA:463,1
DA:480,1
DA:483,1
DA:484,1
DA:488,1
DA:489,1
DA:490,1
DA:491,1
DA:492,1
DA:493,1
DA:494,1
DA:495,1
DA:496,1
DA:497,1
DA:498,1
DA:499,1
DA:500,1
DA:501,1
DA:502,1
DA:503,1
LF:212
LH:60
BRDA:10,0,0,0
BRDA:10,0,1,0
BRDA:13,1,0,0
BRDA:13,1,1,0
BRDA:15,2,0,0
BRDA:15,2,1,0
BRDA:17,3,0,0
BRDA:17,3,1,0
BRDA:29,4,0,0
BRDA:29,4,1,0
BRDA:30,5,0,0
BRDA:30,5,1,0
BRDA:47,6,0,0
BRDA:47,6,1,0
BRDA:50,7,0,0
BRDA:50,7,1,0
BRDA:78,8,0,0
BRDA:78,8,1,0
BRDA:82,9,0,0
BRDA:82,9,1,0
BRDA:88,10,0,0
BRDA:88,10,1,0
BRDA:89,11,0,0
BRDA:89,11,1,0
BRDA:102,12,0,0
BRDA:102,12,1,0
BRDA:102,13,0,0
BRDA:102,13,1,0
BRDA:105,14,0,0
BRDA:105,14,1,0
BRDA:107,15,0,0
BRDA:107,15,1,0
BRDA:110,16,0,0
BRDA:110,16,1,0
BRDA:111,17,0,0
BRDA:111,17,1,0
BRDA:130,18,0,0
BRDA:130,18,1,0
BRDA:136,19,0,0
BRDA:136,19,1,0
BRDA:137,20,0,0
BRDA:137,20,1,0
BRDA:151,21,0,0
BRDA:151,21,1,0
BRDA:158,22,0,0
BRDA:158,22,1,0
BRDA:158,23,0,0
BRDA:158,23,1,0
BRDA:161,24,0,0
BRDA:161,24,1,0
BRDA:165,25,0,0
BRDA:165,25,1,0
BRDA:170,26,0,0
BRDA:170,26,1,0
BRDA:170,27,0,0
BRDA:170,27,1,0
BRDA:174,28,0,0
BRDA:174,28,1,0
BRDA:180,29,0,0
BRDA:180,29,1,0
BRDA:181,30,0,0
BRDA:181,30,1,0
BRDA:190,31,0,0
BRDA:190,31,1,0
BRDA:207,32,0,0
BRDA:207,32,1,0
BRDA:230,33,0,0
BRDA:230,33,1,0
BRDA:230,34,0,0
BRDA:230,34,1,0
BRDA:238,35,0,0
BRDA:238,35,1,0
BRDA:239,36,0,0
BRDA:239,36,1,0
BRDA:240,37,0,0
BRDA:240,37,1,0
BRDA:240,38,0,0
BRDA:240,38,1,0
BRDA:259,39,0,0
BRDA:259,39,1,0
BRDA:263,40,0,0
BRDA:263,40,1,0
BRDA:268,41,0,0
BRDA:268,41,1,0
BRDA:272,42,0,0
BRDA:272,42,1,0
BRDA:288,43,0,0
BRDA:288,43,1,0
BRDA:289,44,0,0
BRDA:289,44,1,0
BRDA:290,45,0,0
BRDA:290,45,1,0
BRDA:300,46,0,0
BRDA:300,46,1,0
BRDA:303,47,0,0
BRDA:303,47,1,0
BRDA:304,48,0,0
BRDA:304,48,1,0
BRDA:305,49,0,0
BRDA:305,49,1,0
BRDA:305,50,0,0
BRDA:305,50,1,0
BRDA:323,51,0,0
BRDA:323,51,1,0
BRDA:329,52,0,0
BRDA:329,52,1,0
BRDA:331,53,0,0
BRDA:331,53,1,0
BRDA:333,54,0,0
BRDA:333,54,1,0
BRDA:357,55,0,0
BRDA:357,55,1,0
BRDA:360,56,0,0
BRDA:360,56,1,0
BRDA:362,57,0,0
BRDA:362,57,1,0
BRDA:365,58,0,0
BRDA:365,58,1,0
BRDA:368,59,0,0
BRDA:368,59,1,0
BRDA:369,60,0,0
BRDA:369,60,1,0
BRDA:383,61,0,0
BRDA:383,61,1,0
BRDA:386,62,0,0
BRDA:386,62,1,0
BRDA:387,63,0,0
BRDA:387,63,1,0
BRDA:401,64,0,0
BRDA:401,64,1,0
BRDA:405,65,0,0
BRDA:405,65,1,0
BRDA:411,66,0,0
BRDA:411,66,1,0
BRDA:412,67,0,0
BRDA:412,67,1,0
BRDA:425,68,0,0
BRDA:425,68,1,0
BRDA:425,69,0,0
BRDA:425,69,1,0
BRDA:428,70,0,0
BRDA:428,70,1,0
BRDA:430,71,0,0
BRDA:430,71,1,0
BRDA:433,72,0,0
BRDA:433,72,1,0
BRDA:434,73,0,0
BRDA:434,73,1,0
BRDA:453,74,0,0
BRDA:453,74,1,0
BRF:150
BRH:0
end_of_record
TN:
SF:C:\Users\danie\git\haw\adamo\adamo-frontend-application\src\environments\environment.ts
FNF:0
FNH:0
DA:2,1
LF:1
LH:1
BRF:0
BRH:0
end_of_record
